  set.cpp
D:\Github\data_structure\data_structure\set\set\set\set.cpp(201,12): warning C4244: '인수': 'time_t'에서 'unsigned int'(으)로 변환하면서 데이터가 손실될 수 있습니다.
D:\Github\data_structure\data_structure\set\set\set\set.cpp(244,13): warning C4305: '인수': 'double'에서 'const T'(으)로 잘립니다.
          with
          [
              T=float
          ]
D:\Github\data_structure\data_structure\set\set\set\set.cpp(246,13): warning C4305: '인수': 'double'에서 'const T'(으)로 잘립니다.
          with
          [
              T=float
          ]
D:\Github\data_structure\data_structure\set\set\set\set.cpp(250,13): warning C4305: '인수': 'double'에서 'const T'(으)로 잘립니다.
          with
          [
              T=float
          ]
D:\Github\data_structure\data_structure\set\set\set\set.cpp(252,14): warning C4305: '인수': 'double'에서 'const T'(으)로 잘립니다.
          with
          [
              T=float
          ]
D:\Github\data_structure\data_structure\set\set\set\set.cpp(253,14): warning C4305: '인수': 'double'에서 'const T'(으)로 잘립니다.
          with
          [
              T=float
          ]
D:\Github\data_structure\data_structure\set\set\set\set.cpp(254,14): warning C4305: '인수': 'double'에서 'const T'(으)로 잘립니다.
          with
          [
              T=float
          ]
D:\Github\data_structure\data_structure\set\set\set\set.cpp(255,14): warning C4305: '인수': 'double'에서 'const T'(으)로 잘립니다.
          with
          [
              T=float
          ]
D:\Github\data_structure\data_structure\set\set\set\set.cpp(256,13): warning C4305: '인수': 'double'에서 'const T'(으)로 잘립니다.
          with
          [
              T=float
          ]
  set.vcxproj -> D:\Github\data_structure\data_structure\set\set\x64\Debug\set.exe
